0 info it worked if it ends with ok
1 verbose cli [ '/usr/local/bin/node', '/usr/local/bin/npm', 'publish' ]
2 info using npm@1.2.15
3 info using node@v0.10.1
4 verbose publish [ '.' ]
5 verbose read json /home/jose/etherpad-lite/node_modules/ep_disableErrorMessages/package.json
6 verbose cache add [ '.', null ]
7 verbose cache add name=undefined spec="." args=[".",null]
8 verbose parsed url { protocol: null,
8 verbose parsed url   slashes: null,
8 verbose parsed url   auth: null,
8 verbose parsed url   host: null,
8 verbose parsed url   port: null,
8 verbose parsed url   hostname: null,
8 verbose parsed url   hash: null,
8 verbose parsed url   search: null,
8 verbose parsed url   query: null,
8 verbose parsed url   pathname: '.',
8 verbose parsed url   path: '.',
8 verbose parsed url   href: '.' }
9 silly lockFile 3a52ce78- .
10 verbose lock . /home/jose/.npm/3a52ce78-.lock
11 verbose read json package.json
12 verbose tar pack [ '/home/jose/tmp/npm-4191/1381758165291-0.8734081934671849/tmp.tgz',
12 verbose tar pack   '.' ]
13 verbose tarball /home/jose/tmp/npm-4191/1381758165291-0.8734081934671849/tmp.tgz
14 verbose folder .
15 info prepublish ep_disableErrorMessages@0.0.1
16 silly lockFile 3a52ce78- .
17 verbose lock . /home/jose/.npm/3a52ce78-.lock
18 silly lockFile 5f6c9223-65291-0-8734081934671849-tmp-tgz /home/jose/tmp/npm-4191/1381758165291-0.8734081934671849/tmp.tgz
19 verbose lock /home/jose/tmp/npm-4191/1381758165291-0.8734081934671849/tmp.tgz /home/jose/.npm/5f6c9223-65291-0-8734081934671849-tmp-tgz.lock
20 silly lockFile 3a52ce78- .
21 silly lockFile 3a52ce78- .
22 silly lockFile 5f6c9223-65291-0-8734081934671849-tmp-tgz /home/jose/tmp/npm-4191/1381758165291-0.8734081934671849/tmp.tgz
23 silly lockFile 5f6c9223-65291-0-8734081934671849-tmp-tgz /home/jose/tmp/npm-4191/1381758165291-0.8734081934671849/tmp.tgz
24 verbose tar unpack /home/jose/tmp/npm-4191/1381758165291-0.8734081934671849/tmp.tgz
25 silly lockFile 9b8f0a10-65291-0-8734081934671849-package /home/jose/tmp/npm-4191/1381758165291-0.8734081934671849/package
26 verbose lock /home/jose/tmp/npm-4191/1381758165291-0.8734081934671849/package /home/jose/.npm/9b8f0a10-65291-0-8734081934671849-package.lock
27 silly lockFile 5f6c9223-65291-0-8734081934671849-tmp-tgz /home/jose/tmp/npm-4191/1381758165291-0.8734081934671849/tmp.tgz
28 verbose lock /home/jose/tmp/npm-4191/1381758165291-0.8734081934671849/tmp.tgz /home/jose/.npm/5f6c9223-65291-0-8734081934671849-tmp-tgz.lock
29 silly gunzTarPerm modes [ '755', '644' ]
30 silly gunzTarPerm extractEntry package.json
31 silly gunzTarPerm extractEntry .cache.json
32 silly gunzTarPerm extractEntry .ep_initialized
33 silly gunzTarPerm extractEntry ep.json
34 silly gunzTarPerm extractEntry static/js/disableErrorMessages.js
35 verbose read json /home/jose/tmp/npm-4191/1381758165291-0.8734081934671849/package/package.json
36 silly lockFile 9b8f0a10-65291-0-8734081934671849-package /home/jose/tmp/npm-4191/1381758165291-0.8734081934671849/package
37 silly lockFile 9b8f0a10-65291-0-8734081934671849-package /home/jose/tmp/npm-4191/1381758165291-0.8734081934671849/package
38 silly lockFile 5f6c9223-65291-0-8734081934671849-tmp-tgz /home/jose/tmp/npm-4191/1381758165291-0.8734081934671849/tmp.tgz
39 silly lockFile 5f6c9223-65291-0-8734081934671849-tmp-tgz /home/jose/tmp/npm-4191/1381758165291-0.8734081934671849/tmp.tgz
40 verbose from cache /home/jose/tmp/npm-4191/1381758165291-0.8734081934671849/package/package.json
41 verbose tar pack [ '/home/jose/.npm/ep_disableErrorMessages/0.0.1/package.tgz',
41 verbose tar pack   '/home/jose/tmp/npm-4191/1381758165291-0.8734081934671849/package' ]
42 verbose tarball /home/jose/.npm/ep_disableErrorMessages/0.0.1/package.tgz
43 verbose folder /home/jose/tmp/npm-4191/1381758165291-0.8734081934671849/package
44 silly lockFile 9b8f0a10-65291-0-8734081934671849-package /home/jose/tmp/npm-4191/1381758165291-0.8734081934671849/package
45 verbose lock /home/jose/tmp/npm-4191/1381758165291-0.8734081934671849/package /home/jose/.npm/9b8f0a10-65291-0-8734081934671849-package.lock
46 silly lockFile 7e48a4a1-eErrorMessages-0-0-1-package-tgz /home/jose/.npm/ep_disableErrorMessages/0.0.1/package.tgz
47 verbose lock /home/jose/.npm/ep_disableErrorMessages/0.0.1/package.tgz /home/jose/.npm/7e48a4a1-eErrorMessages-0-0-1-package-tgz.lock
48 silly lockFile 9b8f0a10-65291-0-8734081934671849-package /home/jose/tmp/npm-4191/1381758165291-0.8734081934671849/package
49 silly lockFile 9b8f0a10-65291-0-8734081934671849-package /home/jose/tmp/npm-4191/1381758165291-0.8734081934671849/package
50 silly lockFile 7e48a4a1-eErrorMessages-0-0-1-package-tgz /home/jose/.npm/ep_disableErrorMessages/0.0.1/package.tgz
51 silly lockFile 7e48a4a1-eErrorMessages-0-0-1-package-tgz /home/jose/.npm/ep_disableErrorMessages/0.0.1/package.tgz
52 silly lockFile 13e2249b-sableErrorMessages-0-0-1-package /home/jose/.npm/ep_disableErrorMessages/0.0.1/package
53 verbose lock /home/jose/.npm/ep_disableErrorMessages/0.0.1/package /home/jose/.npm/13e2249b-sableErrorMessages-0-0-1-package.lock
54 silly lockFile 13e2249b-sableErrorMessages-0-0-1-package /home/jose/.npm/ep_disableErrorMessages/0.0.1/package
55 silly lockFile 13e2249b-sableErrorMessages-0-0-1-package /home/jose/.npm/ep_disableErrorMessages/0.0.1/package
56 verbose tar unpack /home/jose/.npm/ep_disableErrorMessages/0.0.1/package.tgz
57 silly lockFile 13e2249b-sableErrorMessages-0-0-1-package /home/jose/.npm/ep_disableErrorMessages/0.0.1/package
58 verbose lock /home/jose/.npm/ep_disableErrorMessages/0.0.1/package /home/jose/.npm/13e2249b-sableErrorMessages-0-0-1-package.lock
59 silly lockFile 7e48a4a1-eErrorMessages-0-0-1-package-tgz /home/jose/.npm/ep_disableErrorMessages/0.0.1/package.tgz
60 verbose lock /home/jose/.npm/ep_disableErrorMessages/0.0.1/package.tgz /home/jose/.npm/7e48a4a1-eErrorMessages-0-0-1-package-tgz.lock
61 silly gunzTarPerm modes [ '755', '644' ]
62 silly gunzTarPerm extractEntry package.json
63 silly gunzTarPerm extractEntry .cache.json
64 silly gunzTarPerm extractEntry .ep_initialized
65 silly gunzTarPerm extractEntry ep.json
66 silly gunzTarPerm extractEntry static/js/disableErrorMessages.js
67 verbose read json /home/jose/.npm/ep_disableErrorMessages/0.0.1/package/package.json
68 silly lockFile 13e2249b-sableErrorMessages-0-0-1-package /home/jose/.npm/ep_disableErrorMessages/0.0.1/package
69 silly lockFile 13e2249b-sableErrorMessages-0-0-1-package /home/jose/.npm/ep_disableErrorMessages/0.0.1/package
70 silly lockFile 7e48a4a1-eErrorMessages-0-0-1-package-tgz /home/jose/.npm/ep_disableErrorMessages/0.0.1/package.tgz
71 silly lockFile 7e48a4a1-eErrorMessages-0-0-1-package-tgz /home/jose/.npm/ep_disableErrorMessages/0.0.1/package.tgz
72 silly shasum updated bytes 1291
73 info shasum 239add7b307ea77d7531305bd37945a294902af8
73 info shasum /home/jose/.npm/ep_disableErrorMessages/0.0.1/package.tgz
74 verbose from cache /home/jose/.npm/ep_disableErrorMessages/0.0.1/package/package.json
75 verbose chmod /home/jose/.npm/ep_disableErrorMessages/0.0.1/package.tgz 644
76 verbose chown /home/jose/.npm/ep_disableErrorMessages/0.0.1/package.tgz [ 1000, 1000 ]
77 silly lockFile 3a52ce78- .
78 silly publish { name: 'ep_disableErrorMessages',
78 silly publish   description: 'Disable Error messages to clients',
78 silly publish   version: '0.0.1',
78 silly publish   author:
78 silly publish    { name: 'johnyma22',
78 silly publish      email: 'john@mclear.co.uk',
78 silly publish      url: 'John McLear' },
78 silly publish   contributors: [],
78 silly publish   dependencies: {},
78 silly publish   engines: { node: '>= 0.4.1 < 0.7.0' },
78 silly publish   _id: 'ep_disableErrorMessages@0.0.1',
78 silly publish   devDependencies: {},
78 silly publish   optionalDependencies: {},
78 silly publish   _engineSupported: true,
78 silly publish   _npmVersion: '1.1.18',
78 silly publish   _nodeVersion: 'v0.6.8',
78 silly publish   _defaultsLoaded: true,
78 silly publish   _from: '.',
78 silly publish   readme: 'ERROR: No README.md file found!',
78 silly publish   dist: { shasum: '239add7b307ea77d7531305bd37945a294902af8' } }
79 verbose url raw ep_disableErrorMessages
80 verbose url resolving [ 'https://registry.npmjs.org/', './ep_disableErrorMessages' ]
81 verbose url resolved https://registry.npmjs.org/ep_disableErrorMessages
82 info trying registry request attempt 1 at 14:42:57
83 http PUT https://registry.npmjs.org/ep_disableErrorMessages
84 http 403 https://registry.npmjs.org/ep_disableErrorMessages
85 info trying registry request attempt 1 at 14:43:00
86 http PUT https://registry.npmjs.org/ep_disableErrorMessages
87 http 403 https://registry.npmjs.org/ep_disableErrorMessages
88 error publish Failed PUT response 403
89 error Error: forbidden New packages must have all-lowercase names: ep_disableErrorMessages
89 error     at RegClient.<anonymous> (/usr/local/lib/node_modules/npm/node_modules/npm-registry-client/lib/request.js:268:14)
89 error     at Request.self.callback (/usr/local/lib/node_modules/npm/node_modules/request/main.js:120:22)
89 error     at Request.EventEmitter.emit (events.js:98:17)
89 error     at Request.<anonymous> (/usr/local/lib/node_modules/npm/node_modules/request/main.js:649:16)
89 error     at Request.EventEmitter.emit (events.js:117:20)
89 error     at IncomingMessage.<anonymous> (/usr/local/lib/node_modules/npm/node_modules/request/main.js:611:14)
89 error     at IncomingMessage.EventEmitter.emit (events.js:117:20)
89 error     at _stream_readable.js:872:14
89 error     at process._tickCallback (node.js:415:13)
90 error If you need help, you may report this log at:
90 error     <http://github.com/isaacs/npm/issues>
90 error or email it to:
90 error     <npm-@googlegroups.com>
91 error System Linux 3.2.0-4-686-pae
92 error command "/usr/local/bin/node" "/usr/local/bin/npm" "publish"
93 error cwd /home/jose/etherpad-lite/node_modules/ep_disableErrorMessages
94 error node -v v0.10.1
95 error npm -v 1.2.15
96 verbose exit [ 1, true ]
